2025-07-12 03:36:03,307 - INFO - >> Received scrape/start request
2025-07-12 03:36:03,310 - INFO - >> Scraper scheduled
2025-07-12 03:36:03,320 - INFO -  run_scraper() called
2025-07-12 03:36:03,322 - INFO -  Starting Telegram Scraper
2025-07-12 03:36:03,327 - INFO - Connecting to 149.154.167.92:443/TcpFull...
2025-07-12 03:36:03,571 - INFO - Connection to 149.154.167.92:443/TcpFull complete!
2025-07-12 03:36:04,801 - INFO -  Scraping lobelia4cosmetics...
2025-07-12 03:36:05,343 - INFO - Starting direct file download in chunks of 131072 at 0, stride 131072
2025-07-12 03:36:06,750 - INFO - Starting direct file download in chunks of 131072 at 0, stride 131072
2025-07-12 03:36:08,388 - INFO - Starting direct file download in chunks of 131072 at 0, stride 131072
2025-07-12 03:36:09,813 - INFO - Starting direct file download in chunks of 131072 at 0, stride 131072
2025-07-12 03:36:11,456 - INFO - Starting direct file download in chunks of 131072 at 0, stride 131072
2025-07-12 03:36:12,888 - INFO - Starting direct file download in chunks of 131072 at 0, stride 131072
2025-07-12 03:36:14,278 - INFO - Starting direct file download in chunks of 131072 at 0, stride 131072
2025-07-12 03:36:15,949 - INFO - Starting direct file download in chunks of 131072 at 0, stride 131072
2025-07-12 03:36:17,992 - INFO - Starting direct file download in chunks of 131072 at 0, stride 131072
2025-07-12 03:36:19,966 - INFO - Starting direct file download in chunks of 131072 at 0, stride 131072
2025-07-12 03:36:21,586 - INFO - Starting direct file download in chunks of 131072 at 0, stride 131072
2025-07-12 03:36:23,015 - INFO - Starting direct file download in chunks of 131072 at 0, stride 131072
2025-07-12 03:36:24,451 - INFO - Starting direct file download in chunks of 131072 at 0, stride 131072
2025-07-12 03:36:26,308 - INFO - Starting direct file download in chunks of 131072 at 0, stride 131072
2025-07-12 03:36:27,831 - INFO - Starting direct file download in chunks of 131072 at 0, stride 131072
2025-07-12 03:36:29,264 - INFO - Starting direct file download in chunks of 131072 at 0, stride 131072
2025-07-12 03:36:30,695 - INFO - Starting direct file download in chunks of 131072 at 0, stride 131072
2025-07-12 03:36:32,133 - INFO - Starting direct file download in chunks of 131072 at 0, stride 131072
2025-07-12 03:36:33,774 - INFO - Starting direct file download in chunks of 131072 at 0, stride 131072
2025-07-12 03:36:35,313 - INFO - Starting direct file download in chunks of 131072 at 0, stride 131072
2025-07-12 03:36:37,168 - INFO - Starting direct file download in chunks of 131072 at 0, stride 131072
2025-07-12 03:36:38,581 - INFO - Starting direct file download in chunks of 131072 at 0, stride 131072
2025-07-12 03:36:40,409 - INFO - Starting direct file download in chunks of 131072 at 0, stride 131072
2025-07-12 03:36:42,286 - INFO - Starting direct file download in chunks of 131072 at 0, stride 131072
2025-07-12 03:36:44,028 - INFO - Starting direct file download in chunks of 131072 at 0, stride 131072
2025-07-12 03:36:45,862 - INFO - Starting direct file download in chunks of 131072 at 0, stride 131072
2025-07-12 03:36:47,500 - INFO - Starting direct file download in chunks of 131072 at 0, stride 131072
2025-07-12 03:36:49,342 - INFO - Starting direct file download in chunks of 131072 at 0, stride 131072
2025-07-12 03:36:50,774 - INFO - Starting direct file download in chunks of 131072 at 0, stride 131072
2025-07-12 03:36:52,692 - INFO - Starting direct file download in chunks of 131072 at 0, stride 131072
2025-07-12 03:36:54,364 - INFO - Starting direct file download in chunks of 131072 at 0, stride 131072
2025-07-12 03:36:55,582 - INFO - Starting direct file download in chunks of 131072 at 0, stride 131072
2025-07-12 03:36:57,232 - INFO - Starting direct file download in chunks of 131072 at 0, stride 131072
2025-07-12 03:36:59,000 - INFO - Starting direct file download in chunks of 131072 at 0, stride 131072
2025-07-12 03:37:00,772 - INFO - Starting direct file download in chunks of 131072 at 0, stride 131072
2025-07-12 03:37:02,444 - INFO - Starting direct file download in chunks of 131072 at 0, stride 131072
2025-07-12 03:37:03,876 - INFO - Starting direct file download in chunks of 131072 at 0, stride 131072
2025-07-12 03:37:05,976 - INFO - Starting direct file download in chunks of 131072 at 0, stride 131072
2025-07-12 03:37:07,990 - INFO - Starting direct file download in chunks of 131072 at 0, stride 131072
2025-07-12 03:37:09,399 - INFO - Starting direct file download in chunks of 131072 at 0, stride 131072
2025-07-12 03:37:11,229 - INFO - Starting direct file download in chunks of 131072 at 0, stride 131072
2025-07-12 03:37:12,683 - INFO - Starting direct file download in chunks of 131072 at 0, stride 131072
2025-07-12 03:37:14,535 - INFO - Starting direct file download in chunks of 131072 at 0, stride 131072
2025-07-12 03:37:16,384 - INFO - Starting direct file download in chunks of 131072 at 0, stride 131072
2025-07-12 03:37:17,907 - INFO - Starting direct file download in chunks of 131072 at 0, stride 131072
2025-07-12 03:37:19,767 - INFO - Starting direct file download in chunks of 131072 at 0, stride 131072
2025-07-12 03:37:21,162 - INFO - Starting direct file download in chunks of 131072 at 0, stride 131072
2025-07-12 03:37:23,201 - INFO - Starting direct file download in chunks of 131072 at 0, stride 131072
2025-07-12 03:37:25,176 - INFO - Starting direct file download in chunks of 131072 at 0, stride 131072
2025-07-12 03:37:26,607 - INFO - Starting direct file download in chunks of 131072 at 0, stride 131072
2025-07-12 03:37:28,501 - INFO - Starting direct file download in chunks of 131072 at 0, stride 131072
2025-07-12 03:37:30,285 - INFO - Starting direct file download in chunks of 131072 at 0, stride 131072
2025-07-12 03:37:32,447 - INFO - Starting direct file download in chunks of 131072 at 0, stride 131072
2025-07-12 03:37:33,927 - INFO - Starting direct file download in chunks of 131072 at 0, stride 131072
2025-07-12 03:37:35,510 - INFO - Starting direct file download in chunks of 131072 at 0, stride 131072
2025-07-12 03:37:36,917 - INFO - Starting direct file download in chunks of 131072 at 0, stride 131072
2025-07-12 03:37:38,400 - INFO - Starting direct file download in chunks of 131072 at 0, stride 131072
2025-07-12 03:37:40,033 - INFO - Starting direct file download in chunks of 131072 at 0, stride 131072
2025-07-12 03:37:41,457 - INFO - Starting direct file download in chunks of 131072 at 0, stride 131072
2025-07-12 03:37:43,310 - INFO - Starting direct file download in chunks of 131072 at 0, stride 131072
2025-07-12 03:37:45,149 - INFO - Starting direct file download in chunks of 131072 at 0, stride 131072
2025-07-12 03:37:47,106 - INFO - Starting direct file download in chunks of 131072 at 0, stride 131072
2025-07-12 03:37:48,505 - INFO - Starting direct file download in chunks of 131072 at 0, stride 131072
2025-07-12 03:37:49,955 - INFO - Starting direct file download in chunks of 131072 at 0, stride 131072
2025-07-12 03:37:51,605 - INFO - Starting direct file download in chunks of 131072 at 0, stride 131072
2025-07-12 03:37:53,455 - INFO - Starting direct file download in chunks of 131072 at 0, stride 131072
2025-07-12 03:37:55,189 - INFO - Starting direct file download in chunks of 131072 at 0, stride 131072
2025-07-12 03:37:56,930 - INFO - Starting direct file download in chunks of 131072 at 0, stride 131072
2025-07-12 03:37:58,620 - INFO - Starting direct file download in chunks of 131072 at 0, stride 131072
2025-07-12 03:38:00,522 - INFO - Starting direct file download in chunks of 131072 at 0, stride 131072
2025-07-12 03:38:02,120 - INFO - Starting direct file download in chunks of 131072 at 0, stride 131072
2025-07-12 03:38:03,796 - INFO - Starting direct file download in chunks of 131072 at 0, stride 131072
2025-07-12 03:38:05,558 - INFO - Starting direct file download in chunks of 131072 at 0, stride 131072
2025-07-12 03:38:07,337 - INFO - Starting direct file download in chunks of 131072 at 0, stride 131072
2025-07-12 03:38:08,938 - INFO - Starting direct file download in chunks of 131072 at 0, stride 131072
2025-07-12 03:38:10,228 - INFO - Starting direct file download in chunks of 131072 at 0, stride 131072
2025-07-12 03:38:11,663 - INFO - Starting direct file download in chunks of 131072 at 0, stride 131072
2025-07-12 03:38:13,266 - INFO - Starting direct file download in chunks of 131072 at 0, stride 131072
2025-07-12 03:38:14,736 - INFO - Starting direct file download in chunks of 131072 at 0, stride 131072
2025-07-12 03:38:16,382 - INFO - Starting direct file download in chunks of 131072 at 0, stride 131072
2025-07-12 03:38:17,814 - INFO - Starting direct file download in chunks of 131072 at 0, stride 131072
2025-07-12 03:38:19,241 - INFO - Starting direct file download in chunks of 131072 at 0, stride 131072
2025-07-12 03:38:20,675 - INFO - Starting direct file download in chunks of 131072 at 0, stride 131072
2025-07-12 03:38:22,330 - INFO - Starting direct file download in chunks of 131072 at 0, stride 131072
2025-07-12 03:38:23,963 - INFO - Starting direct file download in chunks of 131072 at 0, stride 131072
2025-07-12 03:38:25,604 - INFO - Starting direct file download in chunks of 131072 at 0, stride 131072
2025-07-12 03:38:27,236 - INFO - Starting direct file download in chunks of 131072 at 0, stride 131072
2025-07-12 03:38:29,499 - INFO - Starting direct file download in chunks of 131072 at 0, stride 131072
2025-07-12 03:38:30,715 - INFO - Starting direct file download in chunks of 131072 at 0, stride 131072
2025-07-12 03:38:31,941 - INFO - Starting direct file download in chunks of 131072 at 0, stride 131072
2025-07-12 03:38:33,370 - INFO - Starting direct file download in chunks of 131072 at 0, stride 131072
2025-07-12 03:38:35,014 - INFO - Starting direct file download in chunks of 131072 at 0, stride 131072
2025-07-12 03:38:36,443 - INFO - Starting direct file download in chunks of 131072 at 0, stride 131072
2025-07-12 03:38:37,876 - INFO - Starting direct file download in chunks of 131072 at 0, stride 131072
2025-07-12 03:38:40,031 - INFO - Starting direct file download in chunks of 131072 at 0, stride 131072
2025-07-12 03:38:41,466 - INFO - Starting direct file download in chunks of 131072 at 0, stride 131072
2025-07-12 03:38:43,317 - INFO - Starting direct file download in chunks of 131072 at 0, stride 131072
2025-07-12 03:38:44,735 - INFO - Starting direct file download in chunks of 131072 at 0, stride 131072
2025-07-12 03:38:46,174 - INFO - Starting direct file download in chunks of 131072 at 0, stride 131072
2025-07-12 03:38:48,031 - INFO - Starting direct file download in chunks of 131072 at 0, stride 131072
2025-07-12 03:39:02,905 - INFO - Got difference for account updates
2025-07-12 03:42:11,069 - INFO -  Done lobelia4cosmetics - 300 msgs, 100 images.
2025-07-12 03:42:21,080 - INFO -  Scraping tikvahpharma...
2025-07-12 03:42:22,979 - INFO - Starting direct file download in chunks of 131072 at 0, stride 131072
2025-07-12 03:42:25,098 - INFO - Starting direct file download in chunks of 131072 at 0, stride 131072
2025-07-12 03:42:26,854 - INFO - Starting direct file download in chunks of 131072 at 0, stride 131072
2025-07-12 03:42:29,895 - INFO - Starting direct file download in chunks of 131072 at 0, stride 131072
2025-07-12 03:42:33,074 - INFO - Starting direct file download in chunks of 131072 at 0, stride 131072
2025-07-12 03:42:37,914 - INFO - Starting direct file download in chunks of 131072 at 0, stride 131072
2025-07-12 03:42:42,765 - INFO - Starting direct file download in chunks of 131072 at 0, stride 131072
2025-07-12 03:42:44,889 - INFO - Starting direct file download in chunks of 131072 at 0, stride 131072
2025-07-12 03:42:48,708 - INFO - Starting direct file download in chunks of 131072 at 0, stride 131072
2025-07-12 03:42:53,823 - INFO - Starting direct file download in chunks of 131072 at 0, stride 131072
2025-07-12 03:43:02,533 - INFO - Starting direct file download in chunks of 131072 at 0, stride 131072
2025-07-12 03:43:04,828 - INFO - Starting direct file download in chunks of 131072 at 0, stride 131072
2025-07-12 03:43:15,793 - INFO - Starting direct file download in chunks of 131072 at 0, stride 131072
2025-07-12 03:43:17,944 - INFO - Starting direct file download in chunks of 131072 at 0, stride 131072
2025-07-12 03:43:26,814 - INFO - Starting direct file download in chunks of 131072 at 0, stride 131072
2025-07-12 03:43:28,417 - INFO - Starting direct file download in chunks of 131072 at 0, stride 131072
2025-07-12 03:43:30,126 - INFO - Starting direct file download in chunks of 131072 at 0, stride 131072
2025-07-12 03:43:33,558 - INFO - Starting direct file download in chunks of 131072 at 0, stride 131072
2025-07-12 03:43:43,257 - INFO - Starting direct file download in chunks of 131072 at 0, stride 131072
2025-07-12 03:43:45,383 - INFO - Starting direct file download in chunks of 131072 at 0, stride 131072
2025-07-12 03:43:49,424 - INFO - Starting direct file download in chunks of 131072 at 0, stride 131072
2025-07-12 03:43:51,647 - INFO - Starting direct file download in chunks of 131072 at 0, stride 131072
2025-07-12 03:43:52,877 - INFO - Starting direct file download in chunks of 131072 at 0, stride 131072
2025-07-12 03:44:08,796 - INFO - Starting direct file download in chunks of 131072 at 0, stride 131072
2025-07-12 03:44:16,005 - INFO - Starting direct file download in chunks of 131072 at 0, stride 131072
2025-07-12 03:44:19,158 - INFO - Starting direct file download in chunks of 131072 at 0, stride 131072
2025-07-12 03:44:26,383 - INFO - Starting direct file download in chunks of 131072 at 0, stride 131072
2025-07-12 03:44:29,204 - INFO - Starting direct file download in chunks of 131072 at 0, stride 131072
2025-07-12 03:44:32,073 - INFO - Starting direct file download in chunks of 131072 at 0, stride 131072
2025-07-12 03:44:36,939 - INFO - Starting direct file download in chunks of 131072 at 0, stride 131072
2025-07-12 03:44:43,369 - INFO - Starting direct file download in chunks of 131072 at 0, stride 131072
2025-07-12 03:44:50,090 - INFO - Starting direct file download in chunks of 131072 at 0, stride 131072
2025-07-12 03:44:51,852 - INFO - Starting direct file download in chunks of 131072 at 0, stride 131072
2025-07-12 03:45:00,936 - INFO - Starting direct file download in chunks of 131072 at 0, stride 131072
2025-07-12 03:45:08,046 - INFO - Starting direct file download in chunks of 131072 at 0, stride 131072
2025-07-12 03:45:17,312 - INFO - Starting direct file download in chunks of 131072 at 0, stride 131072
2025-07-12 03:45:19,444 - INFO - Starting direct file download in chunks of 131072 at 0, stride 131072
2025-07-12 03:45:24,212 - INFO - Starting direct file download in chunks of 131072 at 0, stride 131072
2025-07-12 03:45:29,352 - INFO - Starting direct file download in chunks of 131072 at 0, stride 131072
2025-07-12 03:45:31,060 - INFO - Starting direct file download in chunks of 131072 at 0, stride 131072
2025-07-12 03:45:32,698 - INFO - Starting direct file download in chunks of 131072 at 0, stride 131072
2025-07-12 03:45:36,131 - INFO - Starting direct file download in chunks of 131072 at 0, stride 131072
2025-07-12 03:45:45,257 - INFO - Starting direct file download in chunks of 131072 at 0, stride 131072
2025-07-12 03:45:49,451 - INFO - Starting direct file download in chunks of 131072 at 0, stride 131072
2025-07-12 03:45:55,669 - INFO - Starting direct file download in chunks of 131072 at 0, stride 131072
2025-07-12 03:45:59,813 - INFO - Starting direct file download in chunks of 131072 at 0, stride 131072
2025-07-12 03:46:01,995 - INFO - Starting direct file download in chunks of 131072 at 0, stride 131072
2025-07-12 03:46:04,209 - INFO - Starting direct file download in chunks of 131072 at 0, stride 131072
2025-07-12 03:46:12,063 - INFO - Starting direct file download in chunks of 131072 at 0, stride 131072
2025-07-12 03:46:19,584 - INFO - Starting direct file download in chunks of 131072 at 0, stride 131072
2025-07-12 03:46:21,670 - INFO - Starting direct file download in chunks of 131072 at 0, stride 131072
2025-07-12 03:46:26,608 - INFO - Starting direct file download in chunks of 131072 at 0, stride 131072
2025-07-12 03:46:28,821 - INFO - Starting direct file download in chunks of 131072 at 0, stride 131072
2025-07-12 03:46:31,567 - INFO - Starting direct file download in chunks of 131072 at 0, stride 131072
2025-07-12 03:46:35,492 - INFO - Starting direct file download in chunks of 131072 at 0, stride 131072
2025-07-12 03:46:38,615 - INFO - Starting direct file download in chunks of 131072 at 0, stride 131072
2025-07-12 03:46:46,293 - INFO - Starting direct file download in chunks of 131072 at 0, stride 131072
2025-07-12 03:46:50,481 - INFO - Starting direct file download in chunks of 131072 at 0, stride 131072
2025-07-12 03:46:53,679 - INFO - Starting direct file download in chunks of 131072 at 0, stride 131072
2025-07-12 03:46:55,335 - INFO - Starting direct file download in chunks of 131072 at 0, stride 131072
2025-07-12 03:46:56,973 - INFO - Starting direct file download in chunks of 131072 at 0, stride 131072
2025-07-12 03:47:00,407 - INFO - Starting direct file download in chunks of 131072 at 0, stride 131072
2025-07-12 03:47:02,100 - INFO - Starting direct file download in chunks of 131072 at 0, stride 131072
2025-07-12 03:47:05,729 - INFO - Starting direct file download in chunks of 131072 at 0, stride 131072
2025-07-12 03:47:08,427 - INFO - Starting direct file download in chunks of 131072 at 0, stride 131072
2025-07-12 03:47:10,811 - INFO - Starting direct file download in chunks of 131072 at 0, stride 131072
2025-07-12 03:47:13,839 - INFO - Starting direct file download in chunks of 131072 at 0, stride 131072
2025-07-12 03:47:15,721 - INFO - Starting direct file download in chunks of 131072 at 0, stride 131072
2025-07-12 03:47:17,566 - INFO - Starting direct file download in chunks of 131072 at 0, stride 131072
2025-07-12 03:47:19,607 - INFO - Starting direct file download in chunks of 131072 at 0, stride 131072
2025-07-12 03:47:23,037 - INFO - Starting direct file download in chunks of 131072 at 0, stride 131072
2025-07-12 03:47:26,304 - INFO - Starting direct file download in chunks of 131072 at 0, stride 131072
2025-07-12 03:47:31,002 - INFO - Starting direct file download in chunks of 131072 at 0, stride 131072
2025-07-12 03:47:35,717 - INFO - Starting direct file download in chunks of 131072 at 0, stride 131072
2025-07-12 03:47:43,938 - INFO - Starting direct file download in chunks of 131072 at 0, stride 131072
2025-07-12 03:47:45,404 - INFO - Starting direct file download in chunks of 131072 at 0, stride 131072
2025-07-12 03:47:48,492 - INFO - Starting direct file download in chunks of 131072 at 0, stride 131072
2025-07-12 03:47:49,873 - INFO - Starting direct file download in chunks of 131072 at 0, stride 131072
2025-07-12 03:47:51,552 - INFO - Starting direct file download in chunks of 131072 at 0, stride 131072
2025-07-12 03:48:00,740 - INFO - Starting direct file download in chunks of 131072 at 0, stride 131072
2025-07-12 03:48:02,198 - INFO - Starting direct file download in chunks of 131072 at 0, stride 131072
2025-07-12 03:48:07,635 - INFO - Starting direct file download in chunks of 131072 at 0, stride 131072
2025-07-12 03:48:11,780 - INFO - Starting direct file download in chunks of 131072 at 0, stride 131072
2025-07-12 03:48:20,375 - INFO - Starting direct file download in chunks of 131072 at 0, stride 131072
2025-07-12 03:48:26,596 - INFO - Starting direct file download in chunks of 131072 at 0, stride 131072
2025-07-12 03:48:29,520 - INFO - Starting direct file download in chunks of 131072 at 0, stride 131072
2025-07-12 03:48:30,909 - INFO - Starting direct file download in chunks of 131072 at 0, stride 131072
2025-07-12 03:48:34,309 - INFO - Starting direct file download in chunks of 131072 at 0, stride 131072
2025-07-12 03:48:37,501 - INFO - Starting direct file download in chunks of 131072 at 0, stride 131072
2025-07-12 03:48:40,694 - INFO - Starting direct file download in chunks of 131072 at 0, stride 131072
2025-07-12 03:48:42,345 - INFO - Starting direct file download in chunks of 131072 at 0, stride 131072
2025-07-12 03:48:44,001 - INFO - Starting direct file download in chunks of 131072 at 0, stride 131072
2025-07-12 03:48:46,178 - INFO -  Done tikvahpharma - 300 msgs, 92 images.
2025-07-12 03:48:56,190 - INFO - Disconnecting from 149.154.167.92:443/TcpFull...
2025-07-12 03:48:56,192 - INFO - Disconnection from 149.154.167.92:443/TcpFull complete!
